[2018-12-10T15:45:39.137] [INFO] default - connected db, starting server
[2018-12-10T15:50:21.225] [INFO] default - insert into collection user with id 5c0efbbdc55c1e083ec2030b
[2018-12-10T15:50:21.228] [INFO] default - insert into collection user with id 5c0efbbdc55c1e083ec2030c
[2018-12-10T15:50:21.231] [INFO] default - insert into collection driverrepeatedpost with id 5c0efbbdc55c1e083ec2030d
[2018-12-10T15:50:21.233] [INFO] default - insert into collection driverrepeatedpost with id 5c0efbbdc55c1e083ec2030e
[2018-12-10T15:50:21.237] [INFO] default - insert into collection driveradditionalpost with id 5c0efbbdc55c1e083ec2030f
[2018-12-10T15:50:21.239] [INFO] default - insert into collection driveradditionalpost with id 5c0efbbdc55c1e083ec20310
[2018-12-10T15:50:21.243] [INFO] default - insert into collection additionalapplication with id 5c0efbbdc55c1e083ec20311
[2018-12-10T15:50:21.245] [INFO] default - insert into collection additionalapplication with id 5c0efbbdc55c1e083ec20312
[2018-12-10T15:50:21.247] [INFO] default - insert into collection repeatedapplication with id 5c0efbbdc55c1e083ec20313
[2018-12-10T15:50:21.248] [INFO] default - insert into collection repeatedapplication with id 5c0efbbdc55c1e083ec20314
[2018-12-10T15:54:34.112] [INFO] default - connected db, starting server
[2018-12-10T15:55:29.329] [INFO] default - connected db, starting server
[2018-12-10T16:11:04.520] [INFO] default - connected db, starting server
[2018-12-10T16:11:21.458] [INFO] default - connected db, starting server
[2018-12-10T16:11:56.626] [INFO] default - connected db, starting server
[2018-12-10T16:12:06.255] [INFO] default - connected db, starting server
[2018-12-10T16:13:34.929] [INFO] default - connected db, starting server
[2018-12-10T16:13:40.798] [INFO] default - connected db, starting server
[2018-12-10T16:13:48.772] [INFO] default - connected db, starting server
[2018-12-10T16:17:22.572] [INFO] default - connected db, starting server
[2018-12-10T16:17:48.847] [INFO] default - connected db, starting server
[2018-12-10T16:18:30.212] [INFO] default - connected db, starting server
[2018-12-10T16:20:42.685] [INFO] default - connected db, starting server
[2018-12-10T16:21:02.931] [INFO] default - connected db, starting server
[2018-12-10T16:21:21.743] [INFO] default - connected db, starting server
[2018-12-10T16:21:42.933] [INFO] default - connected db, starting server
[2018-12-10T16:21:45.017] [INFO] default - insert into collection user with id 5c0f0319244cf10ab296aa84
[2018-12-10T16:21:45.020] [INFO] default - insert into collection user with id 5c0f0319244cf10ab296aa85
[2018-12-10T16:21:45.024] [INFO] default - insert into collection driverrepeatedpost with id 5c0f0319244cf10ab296aa86
[2018-12-10T16:21:45.026] [INFO] default - insert into collection driverrepeatedpost with id 5c0f0319244cf10ab296aa87
[2018-12-10T16:21:45.028] [INFO] default - insert into collection driveradditionalpost with id 5c0f0319244cf10ab296aa88
[2018-12-10T16:21:45.030] [INFO] default - insert into collection driveradditionalpost with id 5c0f0319244cf10ab296aa89
[2018-12-10T16:21:45.033] [INFO] default - insert into collection additionalapplication with id 5c0f0319244cf10ab296aa8a
[2018-12-10T16:21:45.035] [INFO] default - insert into collection additionalapplication with id 5c0f0319244cf10ab296aa8b
[2018-12-10T16:21:45.038] [INFO] default - insert into collection repeatedapplication with id 5c0f0319244cf10ab296aa8c
[2018-12-10T16:21:45.041] [INFO] default - insert into collection repeatedapplication with id 5c0f0319244cf10ab296aa8d
[2018-12-10T16:23:35.996] [INFO] default - connected db, starting server
[2018-12-10T16:30:44.101] [INFO] default - connected db, starting server
[2018-12-10T16:32:02.913] [INFO] default - connected db, starting server
[2018-12-10T16:34:47.692] [INFO] default - connected db, starting server
[2018-12-10T16:36:59.521] [INFO] default - connected db, starting server
[2018-12-10T16:38:51.465] [INFO] default - connected db, starting server
[2018-12-10T18:06:54.763] [INFO] default - connected db, starting server
[2018-12-10T22:23:03.533] [INFO] default - connected db, starting server
[2018-12-10T22:24:54.080] [INFO] default - connected db, starting server
[2018-12-10T22:30:20.413] [INFO] default - connected db, starting server
[2018-12-10T22:32:15.108] [INFO] default - connected db, starting server
[2018-12-10T22:32:33.383] [INFO] default - connected db, starting server
[2018-12-10T22:33:11.471] [INFO] default - connected db, starting server
[2018-12-10T22:33:45.560] [INFO] default - connected db, starting server
[2018-12-10T22:36:08.662] [INFO] default - connected db, starting server
[2018-12-10T22:36:46.819] [INFO] default - connected db, starting server
[2018-12-10T22:38:02.697] [INFO] default - connected db, starting server
[2018-12-10T22:38:12.696] [INFO] default - insert into collection user with id 5c0f5b544ca22721bae09bb6
[2018-12-10T22:38:12.699] [INFO] default - insert into collection user with id 5c0f5b544ca22721bae09bb7
[2018-12-10T22:38:12.709] [INFO] default - insert into collection driverrepeatedpost with id 5c0f5b544ca22721bae09bb8
[2018-12-10T22:38:12.711] [INFO] default - insert into collection driverrepeatedpost with id 5c0f5b544ca22721bae09bb9
[2018-12-10T22:38:12.713] [INFO] default - insert into collection driveradditionalpost with id 5c0f5b544ca22721bae09bba
[2018-12-10T22:38:12.715] [INFO] default - insert into collection driveradditionalpost with id 5c0f5b544ca22721bae09bbb
[2018-12-10T22:38:12.717] [INFO] default - insert into collection additionalapplication with id 5c0f5b544ca22721bae09bbc
[2018-12-10T22:38:12.718] [INFO] default - insert into collection additionalapplication with id 5c0f5b544ca22721bae09bbd
[2018-12-10T22:38:12.720] [INFO] default - insert into collection repeatedapplication with id 5c0f5b544ca22721bae09bbe
[2018-12-10T22:38:12.722] [INFO] default - insert into collection repeatedapplication with id 5c0f5b544ca22721bae09bbf
[2018-12-10T23:37:21.658] [INFO] default - connected db, starting server
[2018-12-10T23:40:58.063] [INFO] default - connected db, starting server
[2018-12-11T11:10:34.136] [INFO] default - connected db, starting server
[2018-12-11T12:59:33.972] [INFO] default - connected db, starting server
[2018-12-11T13:00:01.440] [INFO] default - insert into collection user with id 5c102551857d1c37278d4786
[2018-12-11T13:00:01.443] [INFO] default - insert into collection user with id 5c102551857d1c37278d4787
[2018-12-11T13:00:01.445] [INFO] default - insert into collection user with id 5c102551857d1c37278d4788
[2018-12-11T13:00:01.447] [INFO] default - insert into collection user with id 5c102551857d1c37278d4789
[2018-12-11T13:00:01.451] [INFO] default - insert into collection driverrepeatedpost with id 5c102551857d1c37278d478a
[2018-12-11T13:00:01.454] [INFO] default - insert into collection driverrepeatedpost with id 5c102551857d1c37278d478b
[2018-12-11T13:00:01.456] [INFO] default - insert into collection driveradditionalpost with id 5c102551857d1c37278d478c
[2018-12-11T13:00:01.460] [INFO] default - insert into collection driveradditionalpost with id 5c102551857d1c37278d478d
[2018-12-11T13:00:01.464] [INFO] default - insert into collection driverrepeatedpost with id 5c102551857d1c37278d478e
[2018-12-11T13:00:01.467] [INFO] default - insert into collection driverrepeatedpost with id 5c102551857d1c37278d478f
[2018-12-11T13:00:01.469] [INFO] default - insert into collection driveradditionalpost with id 5c102551857d1c37278d4790
[2018-12-11T13:00:01.472] [INFO] default - insert into collection driveradditionalpost with id 5c102551857d1c37278d4791
[2018-12-11T13:00:01.474] [INFO] default - insert into collection additionalapplication with id 5c102551857d1c37278d4792
[2018-12-11T13:00:01.476] [INFO] default - insert into collection additionalapplication with id 5c102551857d1c37278d4793
[2018-12-11T13:00:01.478] [INFO] default - insert into collection repeatedapplication with id 5c102551857d1c37278d4794
[2018-12-11T13:00:01.480] [INFO] default - insert into collection repeatedapplication with id 5c102551857d1c37278d4795
[2018-12-11T13:00:01.482] [INFO] default - insert into collection additionalapplication with id 5c102551857d1c37278d4796
[2018-12-11T13:00:01.483] [INFO] default - insert into collection additionalapplication with id 5c102551857d1c37278d4797
[2018-12-11T13:00:01.485] [INFO] default - insert into collection repeatedapplication with id 5c102551857d1c37278d4798
[2018-12-11T13:00:01.487] [INFO] default - insert into collection repeatedapplication with id 5c102551857d1c37278d4799
[2018-12-11T13:00:05.408] [INFO] default - insert into collection user with id 5c102551857d1c37278d4786
[2018-12-11T13:00:05.410] [INFO] default - insert into collection user with id 5c102551857d1c37278d4787
[2018-12-11T13:00:05.412] [INFO] default - insert into collection user with id 5c102551857d1c37278d4788
[2018-12-11T13:00:05.413] [INFO] default - insert into collection user with id 5c102551857d1c37278d4789
[2018-12-11T13:00:05.415] [INFO] default - insert into collection driverrepeatedpost with id 5c102551857d1c37278d478a
[2018-12-11T13:00:05.417] [INFO] default - insert into collection driverrepeatedpost with id 5c102551857d1c37278d478b
[2018-12-11T13:00:05.419] [INFO] default - insert into collection driveradditionalpost with id 5c102551857d1c37278d478c
[2018-12-11T13:00:05.421] [INFO] default - insert into collection driveradditionalpost with id 5c102551857d1c37278d478d
[2018-12-11T13:00:05.424] [INFO] default - insert into collection driverrepeatedpost with id 5c102551857d1c37278d478e
[2018-12-11T13:00:05.426] [INFO] default - insert into collection driverrepeatedpost with id 5c102551857d1c37278d478f
[2018-12-11T13:00:05.427] [INFO] default - insert into collection driveradditionalpost with id 5c102551857d1c37278d4790
[2018-12-11T13:00:05.429] [INFO] default - insert into collection driveradditionalpost with id 5c102551857d1c37278d4791
[2018-12-11T13:00:05.432] [INFO] default - insert into collection additionalapplication with id 5c102551857d1c37278d4792
[2018-12-11T13:00:05.434] [INFO] default - insert into collection additionalapplication with id 5c102551857d1c37278d4793
[2018-12-11T13:00:05.436] [INFO] default - insert into collection repeatedapplication with id 5c102551857d1c37278d4794
[2018-12-11T13:00:05.439] [INFO] default - insert into collection repeatedapplication with id 5c102551857d1c37278d4795
[2018-12-11T13:00:05.441] [INFO] default - insert into collection additionalapplication with id 5c102551857d1c37278d4796
[2018-12-11T13:00:05.443] [INFO] default - insert into collection additionalapplication with id 5c102551857d1c37278d4797
[2018-12-11T13:00:05.445] [INFO] default - insert into collection repeatedapplication with id 5c102551857d1c37278d4798
[2018-12-11T13:00:05.447] [INFO] default - insert into collection repeatedapplication with id 5c102551857d1c37278d4799
[2018-12-11T13:04:02.682] [INFO] default - connected db, starting server
[2018-12-11T13:04:30.779] [INFO] default - connected db, starting server
[2018-12-11T13:25:30.480] [INFO] default - connected db, starting server
[2018-12-11T13:25:31.719] [INFO] default - insert into collection user with id 5c102b4b19045e396943dcef
[2018-12-11T13:25:31.722] [INFO] default - insert into collection user with id 5c102b4b19045e396943dcf0
[2018-12-11T13:25:31.724] [INFO] default - insert into collection user with id 5c102b4b19045e396943dcf1
[2018-12-11T13:25:31.726] [INFO] default - insert into collection user with id 5c102b4b19045e396943dcf2
[2018-12-11T13:25:31.728] [INFO] default - insert into collection driverrepeatedpost with id 5c102b4b19045e396943dcf3
[2018-12-11T13:25:31.730] [INFO] default - insert into collection driverrepeatedpost with id 5c102b4b19045e396943dcf4
[2018-12-11T13:25:31.732] [INFO] default - insert into collection driveradditionalpost with id 5c102b4b19045e396943dcf5
[2018-12-11T13:25:31.734] [INFO] default - insert into collection driveradditionalpost with id 5c102b4b19045e396943dcf6
[2018-12-11T13:25:31.736] [INFO] default - insert into collection driverrepeatedpost with id 5c102b4b19045e396943dcf7
[2018-12-11T13:25:31.738] [INFO] default - insert into collection driverrepeatedpost with id 5c102b4b19045e396943dcf8
[2018-12-11T13:25:31.740] [INFO] default - insert into collection driveradditionalpost with id 5c102b4b19045e396943dcf9
[2018-12-11T13:25:31.742] [INFO] default - insert into collection driveradditionalpost with id 5c102b4b19045e396943dcfa
[2018-12-11T13:25:31.744] [INFO] default - insert into collection additionalapplication with id 5c102b4b19045e396943dcfb
[2018-12-11T13:25:31.746] [INFO] default - insert into collection additionalapplication with id 5c102b4b19045e396943dcfc
[2018-12-11T13:25:31.748] [INFO] default - insert into collection repeatedapplication with id 5c102b4b19045e396943dcfd
[2018-12-11T13:25:31.749] [INFO] default - insert into collection repeatedapplication with id 5c102b4b19045e396943dcfe
[2018-12-11T13:25:31.751] [INFO] default - insert into collection additionalapplication with id 5c102b4b19045e396943dcff
[2018-12-11T13:25:31.753] [INFO] default - insert into collection additionalapplication with id 5c102b4b19045e396943dd00
[2018-12-11T13:25:31.755] [INFO] default - insert into collection repeatedapplication with id 5c102b4b19045e396943dd01
[2018-12-11T13:25:31.757] [INFO] default - insert into collection repeatedapplication with id 5c102b4b19045e396943dd02
[2018-12-11T13:28:16.300] [INFO] default - connected db, starting server
[2018-12-11T13:33:05.050] [INFO] default - connected db, starting server
[2018-12-11T13:33:14.591] [INFO] default - insert into collection user with id 5c102d1a81014139f34d93d1
[2018-12-11T13:33:14.594] [INFO] default - insert into collection user with id 5c102d1a81014139f34d93d2
[2018-12-11T13:33:14.597] [INFO] default - insert into collection user with id 5c102d1a81014139f34d93d3
[2018-12-11T13:33:14.599] [INFO] default - insert into collection user with id 5c102d1a81014139f34d93d4
[2018-12-11T13:33:14.603] [INFO] default - insert into collection driverrepeatedpost with id 5c102d1a81014139f34d93d5
[2018-12-11T13:33:14.605] [INFO] default - insert into collection driverrepeatedpost with id 5c102d1a81014139f34d93d6
[2018-12-11T13:33:14.608] [INFO] default - insert into collection driveradditionalpost with id 5c102d1a81014139f34d93d7
[2018-12-11T13:33:14.611] [INFO] default - insert into collection driveradditionalpost with id 5c102d1a81014139f34d93d8
[2018-12-11T13:33:14.615] [INFO] default - insert into collection driverrepeatedpost with id 5c102d1a81014139f34d93d9
[2018-12-11T13:33:14.618] [INFO] default - insert into collection driverrepeatedpost with id 5c102d1a81014139f34d93da
[2018-12-11T13:33:14.621] [INFO] default - insert into collection driveradditionalpost with id 5c102d1a81014139f34d93db
[2018-12-11T13:33:14.623] [INFO] default - insert into collection driveradditionalpost with id 5c102d1a81014139f34d93dc
[2018-12-11T13:33:14.626] [INFO] default - insert into collection additionalapplication with id 5c102d1a81014139f34d93dd
[2018-12-11T13:33:14.629] [INFO] default - insert into collection additionalapplication with id 5c102d1a81014139f34d93de
[2018-12-11T13:33:14.632] [INFO] default - insert into collection repeatedapplication with id 5c102d1a81014139f34d93df
[2018-12-11T13:33:14.634] [INFO] default - insert into collection repeatedapplication with id 5c102d1a81014139f34d93e0
[2018-12-11T13:33:14.638] [INFO] default - insert into collection additionalapplication with id 5c102d1a81014139f34d93e1
[2018-12-11T13:33:14.641] [INFO] default - insert into collection additionalapplication with id 5c102d1a81014139f34d93e2
[2018-12-11T13:33:14.646] [INFO] default - insert into collection repeatedapplication with id 5c102d1a81014139f34d93e3
[2018-12-11T13:33:14.648] [INFO] default - insert into collection repeatedapplication with id 5c102d1a81014139f34d93e4
[2018-12-11T13:33:18.587] [INFO] default - insert into collection user with id 5c102d1a81014139f34d93d1
[2018-12-11T13:33:18.590] [INFO] default - insert into collection user with id 5c102d1a81014139f34d93d2
[2018-12-11T13:33:18.591] [INFO] default - insert into collection user with id 5c102d1a81014139f34d93d3
[2018-12-11T13:33:18.594] [INFO] default - insert into collection user with id 5c102d1a81014139f34d93d4
[2018-12-11T13:33:18.596] [INFO] default - insert into collection driverrepeatedpost with id 5c102d1a81014139f34d93d5
[2018-12-11T13:33:18.598] [INFO] default - insert into collection driverrepeatedpost with id 5c102d1a81014139f34d93d6
[2018-12-11T13:33:18.600] [INFO] default - insert into collection driveradditionalpost with id 5c102d1a81014139f34d93d7
[2018-12-11T13:33:18.602] [INFO] default - insert into collection driveradditionalpost with id 5c102d1a81014139f34d93d8
[2018-12-11T13:33:18.604] [INFO] default - insert into collection driverrepeatedpost with id 5c102d1a81014139f34d93d9
[2018-12-11T13:33:18.606] [INFO] default - insert into collection driverrepeatedpost with id 5c102d1a81014139f34d93da
[2018-12-11T13:33:18.608] [INFO] default - insert into collection driveradditionalpost with id 5c102d1a81014139f34d93db
[2018-12-11T13:33:18.610] [INFO] default - insert into collection driveradditionalpost with id 5c102d1a81014139f34d93dc
[2018-12-11T13:33:18.613] [INFO] default - insert into collection additionalapplication with id 5c102d1a81014139f34d93dd
[2018-12-11T13:33:18.616] [INFO] default - insert into collection additionalapplication with id 5c102d1a81014139f34d93de
[2018-12-11T13:33:18.620] [INFO] default - insert into collection repeatedapplication with id 5c102d1a81014139f34d93df
[2018-12-11T13:33:18.623] [INFO] default - insert into collection repeatedapplication with id 5c102d1a81014139f34d93e0
[2018-12-11T13:33:18.627] [INFO] default - insert into collection additionalapplication with id 5c102d1a81014139f34d93e1
[2018-12-11T13:33:18.630] [INFO] default - insert into collection additionalapplication with id 5c102d1a81014139f34d93e2
[2018-12-11T13:33:18.633] [INFO] default - insert into collection repeatedapplication with id 5c102d1a81014139f34d93e3
[2018-12-11T13:33:18.636] [INFO] default - insert into collection repeatedapplication with id 5c102d1a81014139f34d93e4
[2018-12-11T13:47:24.238] [INFO] default - insert into collection user with id 5c102d1a81014139f34d93d1
[2018-12-11T13:47:24.246] [INFO] default - insert into collection user with id 5c102d1a81014139f34d93d2
[2018-12-11T13:47:24.252] [INFO] default - insert into collection user with id 5c102d1a81014139f34d93d3
[2018-12-11T13:47:24.256] [INFO] default - insert into collection user with id 5c102d1a81014139f34d93d4
[2018-12-11T13:47:24.260] [INFO] default - insert into collection driverrepeatedpost with id 5c102d1a81014139f34d93d5
[2018-12-11T13:47:24.264] [INFO] default - insert into collection driverrepeatedpost with id 5c102d1a81014139f34d93d6
[2018-12-11T13:47:24.267] [INFO] default - insert into collection driveradditionalpost with id 5c102d1a81014139f34d93d7
[2018-12-11T13:47:24.270] [INFO] default - insert into collection driveradditionalpost with id 5c102d1a81014139f34d93d8
[2018-12-11T13:47:24.273] [INFO] default - insert into collection driverrepeatedpost with id 5c102d1a81014139f34d93d9
[2018-12-11T13:47:24.276] [INFO] default - insert into collection driverrepeatedpost with id 5c102d1a81014139f34d93da
[2018-12-11T13:47:24.278] [INFO] default - insert into collection driveradditionalpost with id 5c102d1a81014139f34d93db
[2018-12-11T13:47:24.281] [INFO] default - insert into collection driveradditionalpost with id 5c102d1a81014139f34d93dc
[2018-12-11T13:47:24.285] [INFO] default - insert into collection additionalapplication with id 5c102d1a81014139f34d93dd
[2018-12-11T13:47:24.290] [INFO] default - insert into collection additionalapplication with id 5c102d1a81014139f34d93de
[2018-12-11T13:47:24.295] [INFO] default - insert into collection repeatedapplication with id 5c102d1a81014139f34d93df
[2018-12-11T13:47:24.299] [INFO] default - insert into collection repeatedapplication with id 5c102d1a81014139f34d93e0
[2018-12-11T13:47:24.302] [INFO] default - insert into collection additionalapplication with id 5c102d1a81014139f34d93e1
[2018-12-11T13:47:24.306] [INFO] default - insert into collection additionalapplication with id 5c102d1a81014139f34d93e2
[2018-12-11T13:47:24.309] [INFO] default - insert into collection repeatedapplication with id 5c102d1a81014139f34d93e3
[2018-12-11T13:47:24.312] [INFO] default - insert into collection repeatedapplication with id 5c102d1a81014139f34d93e4
[2018-12-11T13:49:04.060] [INFO] default - connected db, starting server
[2018-12-11T13:53:07.351] [INFO] default - connected db, starting server
[2018-12-11T13:53:59.248] [INFO] default - connected db, starting server
[2018-12-11T13:55:14.840] [INFO] default - connected db, starting server
[2018-12-11T14:11:57.684] [INFO] default - connected db, starting server
[2018-12-11T14:13:00.347] [INFO] default - connected db, starting server
[2018-12-11T14:14:48.072] [INFO] default - connected db, starting server
[2018-12-11T14:15:20.507] [INFO] default - connected db, starting server
[2018-12-11T14:20:29.552] [INFO] default - connected db, starting server
[2018-12-11T14:23:23.717] [INFO] default - connected db, starting server
[2018-12-11T14:25:34.028] [INFO] default - connected db, starting server
